Drill report for 4 SRA.kicad_pcb
Created on 2025-08-29T22:08:31+0530

Copper Layer Stackup:
    =============================================================
    L1 :  F.Cu                      front
    L2 :  B.Cu                      back


Drill file '4 SRA-PTH-drl.gbr' contains
    plated through holes:
    =============================================================
    T1  0.200mm  0.0079"  (12 holes)
    T2  0.300mm  0.0118"  (134 holes)
    T3  0.600mm  0.0236"  (4 holes)  (with 4 slots)
    T4  1.000mm  0.0394"  (76 holes)

    Total plated holes count 226


Drill file '4 SRA-NPTH-drl.gbr' contains
    unplated through holes:
    =============================================================
    T1  0.650mm  0.0256"  (2 holes)
    T2  3.200mm  0.1260"  (4 holes)

    Total unplated holes count 6
